  Bomb.cpp
  CollisionManager.cpp
C:\Users\Danie\Desktop\BombsAway_Jan27\BombsAway\src\Game.h(11,10): error C1083:  Cannot open include file: 'SDL.h': No such file or directory
  Enemy.cpp
C:\Users\Danie\Desktop\BombsAway_Jan27\BombsAway\src\GameObject.h(6,10): error C1083:  Cannot open include file: 'glm\vec2.hpp': No such file or directory
  Explosion.cpp
C:\Users\Danie\Desktop\BombsAway_Jan27\BombsAway\src\GameObject.h(6,10): error C1083:  Cannot open include file: 'glm\vec2.hpp': No such file or directory
  FSM.cpp
C:\Users\Danie\Desktop\BombsAway_Jan27\BombsAway\src\Game.h(11,10): error C1083:  Cannot open include file: 'SDL.h': No such file or directory
  Game.cpp
C:\Users\Danie\Desktop\BombsAway_Jan27\BombsAway\src\FSM.h(6,10): error C1083:  Cannot open include file: 'SDL.h': No such file or directory
  GameObject.cpp
C:\Users\Danie\Desktop\BombsAway_Jan27\BombsAway\src\Game.h(11,10): error C1083:  Cannot open include file: 'SDL.h': No such file or directory
  main.cpp
C:\Users\Danie\Desktop\BombsAway_Jan27\BombsAway\src\GameObject.h(6,10): error C1083:  Cannot open include file: 'glm\vec2.hpp': No such file or directory
  Player.cpp
C:\Users\Danie\Desktop\BombsAway_Jan27\BombsAway\src\main.cpp(13,10): error C1083:  Cannot open include file: 'GLEW\glew.h': No such file or directory
  Map.cpp
C:\Users\Danie\Desktop\BombsAway_Jan27\BombsAway\src\GameObject.h(6,10): error C1083:  Cannot open include file: 'glm\vec2.hpp': No such file or directory
  SoundManager.cpp
C:\Users\Danie\Desktop\BombsAway_Jan27\BombsAway\src\Game.h(11,10): error C1083:  Cannot open include file: 'SDL.h': No such file or directory
  TextureManager.cpp
C:\Users\Danie\Desktop\BombsAway_Jan27\BombsAway\src\SoundManager.h(10,10): error C1083:  Cannot open include file: 'SDL_mixer.h': No such file or directory
  Wall.cpp
C:\Users\Danie\Desktop\BombsAway_Jan27\BombsAway\src\TextureManager.h(10,10): error C1083:  Cannot open include file: 'glm\vec2.hpp': No such file or directory
  Generating Code...
C:\Users\Danie\Desktop\BombsAway_Jan27\BombsAway\src\Game.h(11,10): error C1083:  Cannot open include file: 'SDL.h': No such file or directory
