  Bomb.cpp
C:\Users\owner\Documents\BombsAway\BombsAway\BombsAway\src\Game.h(36,32): warning C4244:  'initializing': conversion from 'float' to 'int', possible loss of data
C:\Users\owner\Documents\BombsAway\BombsAway\BombsAway\src\Bomb.cpp(10,18): warning C4244:  'argument': conversion from 'T' to 'int', possible loss of data
C:\Users\owner\Documents\BombsAway\BombsAway\BombsAway\src\Bomb.cpp(10,18): warning C4244:         with
C:\Users\owner\Documents\BombsAway\BombsAway\BombsAway\src\Bomb.cpp(10,18): warning C4244:         [
C:\Users\owner\Documents\BombsAway\BombsAway\BombsAway\src\Bomb.cpp(10,18): warning C4244:             T=float
C:\Users\owner\Documents\BombsAway\BombsAway\BombsAway\src\Bomb.cpp(10,18): warning C4244:         ]
C:\Users\owner\Documents\BombsAway\BombsAway\BombsAway\src\Bomb.cpp(11,19): warning C4244:  'argument': conversion from 'T' to 'int', possible loss of data
C:\Users\owner\Documents\BombsAway\BombsAway\BombsAway\src\Bomb.cpp(11,19): warning C4244:         with
C:\Users\owner\Documents\BombsAway\BombsAway\BombsAway\src\Bomb.cpp(11,19): warning C4244:         [
C:\Users\owner\Documents\BombsAway\BombsAway\BombsAway\src\Bomb.cpp(11,19): warning C4244:             T=float
C:\Users\owner\Documents\BombsAway\BombsAway\BombsAway\src\Bomb.cpp(11,19): warning C4244:         ]
C:\Users\owner\Documents\BombsAway\BombsAway\BombsAway\src\Bomb.cpp(24,77): warning C4244:  'argument': conversion from 'T' to 'int', possible loss of data
C:\Users\owner\Documents\BombsAway\BombsAway\BombsAway\src\Bomb.cpp(24,77): warning C4244:         with
C:\Users\owner\Documents\BombsAway\BombsAway\BombsAway\src\Bomb.cpp(24,77): warning C4244:         [
C:\Users\owner\Documents\BombsAway\BombsAway\BombsAway\src\Bomb.cpp(24,77): warning C4244:             T=float
C:\Users\owner\Documents\BombsAway\BombsAway\BombsAway\src\Bomb.cpp(24,77): warning C4244:         ]
  CollisionManager.cpp
C:\Users\owner\Documents\BombsAway\BombsAway\BombsAway\src\Bomb.cpp(24,60): warning C4244:  'argument': conversion from 'T' to 'int', possible loss of data
C:\Users\owner\Documents\BombsAway\BombsAway\BombsAway\src\Bomb.cpp(24,60): warning C4244:         with
C:\Users\owner\Documents\BombsAway\BombsAway\BombsAway\src\Bomb.cpp(24,60): warning C4244:         [
C:\Users\owner\Documents\BombsAway\BombsAway\BombsAway\src\Bomb.cpp(24,60): warning C4244:             T=float
C:\Users\owner\Documents\BombsAway\BombsAway\BombsAway\src\Bomb.cpp(24,60): warning C4244:         ]
C:\Users\owner\Documents\BombsAway\BombsAway\BombsAway\src\Game.h(36,32): warning C4244:  'initializing': conversion from 'float' to 'int', possible loss of data
C:\Users\owner\Documents\BombsAway\BombsAway\BombsAway\src\CollisionManager.cpp(8,15): warning C4244:  'initializing': conversion from 'T' to 'int', possible loss of data
C:\Users\owner\Documents\BombsAway\BombsAway\BombsAway\src\CollisionManager.cpp(8,15): warning C4244:         with
C:\Users\owner\Documents\BombsAway\BombsAway\BombsAway\src\CollisionManager.cpp(8,15): warning C4244:         [
C:\Users\owner\Documents\BombsAway\BombsAway\BombsAway\src\CollisionManager.cpp(8,15): warning C4244:             T=float
C:\Users\owner\Documents\BombsAway\BombsAway\BombsAway\src\CollisionManager.cpp(8,15): warning C4244:         ]
C:\Users\owner\Documents\BombsAway\BombsAway\BombsAway\src\CollisionManager.cpp(9,15): warning C4244:  'initializing': conversion from 'T' to 'int', possible loss of data
C:\Users\owner\Documents\BombsAway\BombsAway\BombsAway\src\CollisionManager.cpp(9,15): warning C4244:         with
C:\Users\owner\Documents\BombsAway\BombsAway\BombsAway\src\CollisionManager.cpp(9,15): warning C4244:         [
C:\Users\owner\Documents\BombsAway\BombsAway\BombsAway\src\CollisionManager.cpp(9,15): warning C4244:             T=float
C:\Users\owner\Documents\BombsAway\BombsAway\BombsAway\src\CollisionManager.cpp(9,15): warning C4244:         ]
C:\Users\owner\Documents\BombsAway\BombsAway\BombsAway\src\CollisionManager.cpp(215,14): warning C4244:  'initializing': conversion from 'T' to 'int', possible loss of data
C:\Users\owner\Documents\BombsAway\BombsAway\BombsAway\src\CollisionManager.cpp(215,14): warning C4244:         with
C:\Users\owner\Documents\BombsAway\BombsAway\BombsAway\src\CollisionManager.cpp(215,14): warning C4244:         [
C:\Users\owner\Documents\BombsAway\BombsAway\BombsAway\src\CollisionManager.cpp(215,14): warning C4244:             T=float
C:\Users\owner\Documents\BombsAway\BombsAway\BombsAway\src\CollisionManager.cpp(215,14): warning C4244:         ]
C:\Users\owner\Documents\BombsAway\BombsAway\BombsAway\src\CollisionManager.cpp(216,15): warning C4244:  'initializing': conversion from 'T' to 'int', possible loss of data
C:\Users\owner\Documents\BombsAway\BombsAway\BombsAway\src\CollisionManager.cpp(216,15): warning C4244:         with
C:\Users\owner\Documents\BombsAway\BombsAway\BombsAway\src\CollisionManager.cpp(216,15): warning C4244:         [
C:\Users\owner\Documents\BombsAway\BombsAway\BombsAway\src\CollisionManager.cpp(216,15): warning C4244:             T=float
C:\Users\owner\Documents\BombsAway\BombsAway\BombsAway\src\CollisionManager.cpp(216,15): warning C4244:         ]
C:\Users\owner\Documents\BombsAway\BombsAway\BombsAway\src\CollisionManager.cpp(217,13): warning C4244:  'initializing': conversion from 'T' to 'int', possible loss of data
C:\Users\owner\Documents\BombsAway\BombsAway\BombsAway\src\CollisionManager.cpp(217,13): warning C4244:         with
C:\Users\owner\Documents\BombsAway\BombsAway\BombsAway\src\CollisionManager.cpp(217,13): warning C4244:         [
C:\Users\owner\Documents\BombsAway\BombsAway\BombsAway\src\CollisionManager.cpp(217,13): warning C4244:             T=float
C:\Users\owner\Documents\BombsAway\BombsAway\BombsAway\src\CollisionManager.cpp(217,13): warning C4244:         ]
  Door.cpp
C:\Users\owner\Documents\BombsAway\BombsAway\BombsAway\src\CollisionManager.cpp(218,16): warning C4244:  'initializing': conversion from 'T' to 'int', possible loss of data
C:\Users\owner\Documents\BombsAway\BombsAway\BombsAway\src\CollisionManager.cpp(218,16): warning C4244:         with
C:\Users\owner\Documents\BombsAway\BombsAway\BombsAway\src\CollisionManager.cpp(218,16): warning C4244:         [
C:\Users\owner\Documents\BombsAway\BombsAway\BombsAway\src\CollisionManager.cpp(218,16): warning C4244:             T=float
C:\Users\owner\Documents\BombsAway\BombsAway\BombsAway\src\CollisionManager.cpp(218,16): warning C4244:         ]
C:\Users\owner\Documents\BombsAway\BombsAway\BombsAway\src\Game.h(36,32): warning C4244:  'initializing': conversion from 'float' to 'int', possible loss of data
C:\Users\owner\Documents\BombsAway\BombsAway\BombsAway\src\Door.cpp(9,18): warning C4244:  'argument': conversion from 'T' to 'int', possible loss of data
C:\Users\owner\Documents\BombsAway\BombsAway\BombsAway\src\Door.cpp(9,18): warning C4244:         with
C:\Users\owner\Documents\BombsAway\BombsAway\BombsAway\src\Door.cpp(9,18): warning C4244:         [
C:\Users\owner\Documents\BombsAway\BombsAway\BombsAway\src\Door.cpp(9,18): warning C4244:             T=float
C:\Users\owner\Documents\BombsAway\BombsAway\BombsAway\src\Door.cpp(9,18): warning C4244:         ]
C:\Users\owner\Documents\BombsAway\BombsAway\BombsAway\src\Door.cpp(10,19): warning C4244:  'argument': conversion from 'T' to 'int', possible loss of data
C:\Users\owner\Documents\BombsAway\BombsAway\BombsAway\src\Door.cpp(10,19): warning C4244:         with
C:\Users\owner\Documents\BombsAway\BombsAway\BombsAway\src\Door.cpp(10,19): warning C4244:         [
C:\Users\owner\Documents\BombsAway\BombsAway\BombsAway\src\Door.cpp(10,19): warning C4244:             T=float
C:\Users\owner\Documents\BombsAway\BombsAway\BombsAway\src\Door.cpp(10,19): warning C4244:         ]
C:\Users\owner\Documents\BombsAway\BombsAway\BombsAway\src\Door.cpp(32,18): warning C4244:  'argument': conversion from 'T' to 'int', possible loss of data
C:\Users\owner\Documents\BombsAway\BombsAway\BombsAway\src\Door.cpp(32,18): warning C4244:         with
C:\Users\owner\Documents\BombsAway\BombsAway\BombsAway\src\Door.cpp(32,18): warning C4244:         [
C:\Users\owner\Documents\BombsAway\BombsAway\BombsAway\src\Door.cpp(32,18): warning C4244:             T=float
C:\Users\owner\Documents\BombsAway\BombsAway\BombsAway\src\Door.cpp(32,18): warning C4244:         ]
C:\Users\owner\Documents\BombsAway\BombsAway\BombsAway\src\Door.cpp(33,19): warning C4244:  'argument': conversion from 'T' to 'int', possible loss of data
C:\Users\owner\Documents\BombsAway\BombsAway\BombsAway\src\Door.cpp(33,19): warning C4244:         with
C:\Users\owner\Documents\BombsAway\BombsAway\BombsAway\src\Door.cpp(33,19): warning C4244:         [
C:\Users\owner\Documents\BombsAway\BombsAway\BombsAway\src\Door.cpp(33,19): warning C4244:             T=float
C:\Users\owner\Documents\BombsAway\BombsAway\BombsAway\src\Door.cpp(33,19): warning C4244:         ]
C:\Users\owner\Documents\BombsAway\BombsAway\BombsAway\src\Door.cpp(47,96): warning C4244:  'argument': conversion from 'T' to 'int', possible loss of data
C:\Users\owner\Documents\BombsAway\BombsAway\BombsAway\src\Door.cpp(47,96): warning C4244:         with
C:\Users\owner\Documents\BombsAway\BombsAway\BombsAway\src\Door.cpp(47,96): warning C4244:         [
C:\Users\owner\Documents\BombsAway\BombsAway\BombsAway\src\Door.cpp(47,96): warning C4244:             T=float
C:\Users\owner\Documents\BombsAway\BombsAway\BombsAway\src\Door.cpp(47,96): warning C4244:         ]
  Enemy.cpp
C:\Users\owner\Documents\BombsAway\BombsAway\BombsAway\src\Door.cpp(47,79): warning C4244:  'argument': conversion from 'T' to 'int', possible loss of data
C:\Users\owner\Documents\BombsAway\BombsAway\BombsAway\src\Door.cpp(47,79): warning C4244:         with
C:\Users\owner\Documents\BombsAway\BombsAway\BombsAway\src\Door.cpp(47,79): warning C4244:         [
C:\Users\owner\Documents\BombsAway\BombsAway\BombsAway\src\Door.cpp(47,79): warning C4244:             T=float
C:\Users\owner\Documents\BombsAway\BombsAway\BombsAway\src\Door.cpp(47,79): warning C4244:         ]
C:\Users\owner\Documents\BombsAway\BombsAway\BombsAway\src\Game.h(36,32): warning C4244:  'initializing': conversion from 'float' to 'int', possible loss of data
C:\Users\owner\Documents\BombsAway\BombsAway\BombsAway\src\Enemy.cpp(18,15): warning C4244:  'argument': conversion from 'T' to 'int', possible loss of data
C:\Users\owner\Documents\BombsAway\BombsAway\BombsAway\src\Enemy.cpp(18,15): warning C4244:         with
C:\Users\owner\Documents\BombsAway\BombsAway\BombsAway\src\Enemy.cpp(18,15): warning C4244:         [
C:\Users\owner\Documents\BombsAway\BombsAway\BombsAway\src\Enemy.cpp(18,15): warning C4244:             T=float
C:\Users\owner\Documents\BombsAway\BombsAway\BombsAway\src\Enemy.cpp(18,15): warning C4244:         ]
C:\Users\owner\Documents\BombsAway\BombsAway\BombsAway\src\Enemy.cpp(19,16): warning C4244:  'argument': conversion from 'T' to 'int', possible loss of data
C:\Users\owner\Documents\BombsAway\BombsAway\BombsAway\src\Enemy.cpp(19,16): warning C4244:         with
C:\Users\owner\Documents\BombsAway\BombsAway\BombsAway\src\Enemy.cpp(19,16): warning C4244:         [
C:\Users\owner\Documents\BombsAway\BombsAway\BombsAway\src\Enemy.cpp(19,16): warning C4244:             T=float
C:\Users\owner\Documents\BombsAway\BombsAway\BombsAway\src\Enemy.cpp(19,16): warning C4244:         ]
C:\Users\owner\Documents\BombsAway\BombsAway\BombsAway\src\Enemy.cpp(69,87): warning C4244:  'argument': conversion from 'T' to 'int', possible loss of data
C:\Users\owner\Documents\BombsAway\BombsAway\BombsAway\src\Enemy.cpp(69,87): warning C4244:         with
C:\Users\owner\Documents\BombsAway\BombsAway\BombsAway\src\Enemy.cpp(69,87): warning C4244:         [
C:\Users\owner\Documents\BombsAway\BombsAway\BombsAway\src\Enemy.cpp(69,87): warning C4244:             T=float
C:\Users\owner\Documents\BombsAway\BombsAway\BombsAway\src\Enemy.cpp(69,87): warning C4244:         ]
C:\Users\owner\Documents\BombsAway\BombsAway\BombsAway\src\Enemy.cpp(69,70): warning C4244:  'argument': conversion from 'T' to 'int', possible loss of data
C:\Users\owner\Documents\BombsAway\BombsAway\BombsAway\src\Enemy.cpp(69,70): warning C4244:         with
C:\Users\owner\Documents\BombsAway\BombsAway\BombsAway\src\Enemy.cpp(69,70): warning C4244:         [
C:\Users\owner\Documents\BombsAway\BombsAway\BombsAway\src\Enemy.cpp(69,70): warning C4244:             T=float
C:\Users\owner\Documents\BombsAway\BombsAway\BombsAway\src\Enemy.cpp(69,70): warning C4244:         ]
C:\Users\owner\Documents\BombsAway\BombsAway\BombsAway\src\Enemy.cpp(73,87): warning C4244:  'argument': conversion from 'T' to 'int', possible loss of data
C:\Users\owner\Documents\BombsAway\BombsAway\BombsAway\src\Enemy.cpp(73,87): warning C4244:         with
C:\Users\owner\Documents\BombsAway\BombsAway\BombsAway\src\Enemy.cpp(73,87): warning C4244:         [
C:\Users\owner\Documents\BombsAway\BombsAway\BombsAway\src\Enemy.cpp(73,87): warning C4244:             T=float
C:\Users\owner\Documents\BombsAway\BombsAway\BombsAway\src\Enemy.cpp(73,87): warning C4244:         ]
C:\Users\owner\Documents\BombsAway\BombsAway\BombsAway\src\Enemy.cpp(73,70): warning C4244:  'argument': conversion from 'T' to 'int', possible loss of data
C:\Users\owner\Documents\BombsAway\BombsAway\BombsAway\src\Enemy.cpp(73,70): warning C4244:         with
C:\Users\owner\Documents\BombsAway\BombsAway\BombsAway\src\Enemy.cpp(73,70): warning C4244:         [
C:\Users\owner\Documents\BombsAway\BombsAway\BombsAway\src\Enemy.cpp(73,70): warning C4244:             T=float
C:\Users\owner\Documents\BombsAway\BombsAway\BombsAway\src\Enemy.cpp(73,70): warning C4244:         ]
C:\Users\owner\Documents\BombsAway\BombsAway\BombsAway\src\Enemy.cpp(79,87): warning C4244:  'argument': conversion from 'T' to 'int', possible loss of data
C:\Users\owner\Documents\BombsAway\BombsAway\BombsAway\src\Enemy.cpp(79,87): warning C4244:         with
C:\Users\owner\Documents\BombsAway\BombsAway\BombsAway\src\Enemy.cpp(79,87): warning C4244:         [
C:\Users\owner\Documents\BombsAway\BombsAway\BombsAway\src\Enemy.cpp(79,87): warning C4244:             T=float
C:\Users\owner\Documents\BombsAway\BombsAway\BombsAway\src\Enemy.cpp(79,87): warning C4244:         ]
C:\Users\owner\Documents\BombsAway\BombsAway\BombsAway\src\Enemy.cpp(79,70): warning C4244:  'argument': conversion from 'T' to 'int', possible loss of data
C:\Users\owner\Documents\BombsAway\BombsAway\BombsAway\src\Enemy.cpp(79,70): warning C4244:         with
C:\Users\owner\Documents\BombsAway\BombsAway\BombsAway\src\Enemy.cpp(79,70): warning C4244:         [
C:\Users\owner\Documents\BombsAway\BombsAway\BombsAway\src\Enemy.cpp(79,70): warning C4244:             T=float
C:\Users\owner\Documents\BombsAway\BombsAway\BombsAway\src\Enemy.cpp(79,70): warning C4244:         ]
C:\Users\owner\Documents\BombsAway\BombsAway\BombsAway\src\Enemy.cpp(83,87): warning C4244:  'argument': conversion from 'T' to 'int', possible loss of data
C:\Users\owner\Documents\BombsAway\BombsAway\BombsAway\src\Enemy.cpp(83,87): warning C4244:         with
C:\Users\owner\Documents\BombsAway\BombsAway\BombsAway\src\Enemy.cpp(83,87): warning C4244:         [
C:\Users\owner\Documents\BombsAway\BombsAway\BombsAway\src\Enemy.cpp(83,87): warning C4244:             T=float
C:\Users\owner\Documents\BombsAway\BombsAway\BombsAway\src\Enemy.cpp(83,87): warning C4244:         ]
C:\Users\owner\Documents\BombsAway\BombsAway\BombsAway\src\Enemy.cpp(83,70): warning C4244:  'argument': conversion from 'T' to 'int', possible loss of data
C:\Users\owner\Documents\BombsAway\BombsAway\BombsAway\src\Enemy.cpp(83,70): warning C4244:         with
C:\Users\owner\Documents\BombsAway\BombsAway\BombsAway\src\Enemy.cpp(83,70): warning C4244:         [
C:\Users\owner\Documents\BombsAway\BombsAway\BombsAway\src\Enemy.cpp(83,70): warning C4244:             T=float
C:\Users\owner\Documents\BombsAway\BombsAway\BombsAway\src\Enemy.cpp(83,70): warning C4244:         ]
C:\Users\owner\Documents\BombsAway\BombsAway\BombsAway\src\Enemy.cpp(89,87): warning C4244:  'argument': conversion from 'T' to 'int', possible loss of data
C:\Users\owner\Documents\BombsAway\BombsAway\BombsAway\src\Enemy.cpp(89,87): warning C4244:         with
C:\Users\owner\Documents\BombsAway\BombsAway\BombsAway\src\Enemy.cpp(89,87): warning C4244:         [
C:\Users\owner\Documents\BombsAway\BombsAway\BombsAway\src\Enemy.cpp(89,87): warning C4244:             T=float
C:\Users\owner\Documents\BombsAway\BombsAway\BombsAway\src\Enemy.cpp(89,87): warning C4244:         ]
C:\Users\owner\Documents\BombsAway\BombsAway\BombsAway\src\Enemy.cpp(89,70): warning C4244:  'argument': conversion from 'T' to 'int', possible loss of data
C:\Users\owner\Documents\BombsAway\BombsAway\BombsAway\src\Enemy.cpp(89,70): warning C4244:         with
C:\Users\owner\Documents\BombsAway\BombsAway\BombsAway\src\Enemy.cpp(89,70): warning C4244:         [
C:\Users\owner\Documents\BombsAway\BombsAway\BombsAway\src\Enemy.cpp(89,70): warning C4244:             T=float
C:\Users\owner\Documents\BombsAway\BombsAway\BombsAway\src\Enemy.cpp(89,70): warning C4244:         ]
C:\Users\owner\Documents\BombsAway\BombsAway\BombsAway\src\Enemy.cpp(93,87): warning C4244:  'argument': conversion from 'T' to 'int', possible loss of data
C:\Users\owner\Documents\BombsAway\BombsAway\BombsAway\src\Enemy.cpp(93,87): warning C4244:         with
C:\Users\owner\Documents\BombsAway\BombsAway\BombsAway\src\Enemy.cpp(93,87): warning C4244:         [
C:\Users\owner\Documents\BombsAway\BombsAway\BombsAway\src\Enemy.cpp(93,87): warning C4244:             T=float
C:\Users\owner\Documents\BombsAway\BombsAway\BombsAway\src\Enemy.cpp(93,87): warning C4244:         ]
C:\Users\owner\Documents\BombsAway\BombsAway\BombsAway\src\Enemy.cpp(93,70): warning C4244:  'argument': conversion from 'T' to 'int', possible loss of data
C:\Users\owner\Documents\BombsAway\BombsAway\BombsAway\src\Enemy.cpp(93,70): warning C4244:         with
C:\Users\owner\Documents\BombsAway\BombsAway\BombsAway\src\Enemy.cpp(93,70): warning C4244:         [
C:\Users\owner\Documents\BombsAway\BombsAway\BombsAway\src\Enemy.cpp(93,70): warning C4244:             T=float
C:\Users\owner\Documents\BombsAway\BombsAway\BombsAway\src\Enemy.cpp(93,70): warning C4244:         ]
C:\Users\owner\Documents\BombsAway\BombsAway\BombsAway\src\Enemy.cpp(99,87): warning C4244:  'argument': conversion from 'T' to 'int', possible loss of data
C:\Users\owner\Documents\BombsAway\BombsAway\BombsAway\src\Enemy.cpp(99,87): warning C4244:         with
C:\Users\owner\Documents\BombsAway\BombsAway\BombsAway\src\Enemy.cpp(99,87): warning C4244:         [
C:\Users\owner\Documents\BombsAway\BombsAway\BombsAway\src\Enemy.cpp(99,87): warning C4244:             T=float
C:\Users\owner\Documents\BombsAway\BombsAway\BombsAway\src\Enemy.cpp(99,87): warning C4244:         ]
C:\Users\owner\Documents\BombsAway\BombsAway\BombsAway\src\Enemy.cpp(99,70): warning C4244:  'argument': conversion from 'T' to 'int', possible loss of data
C:\Users\owner\Documents\BombsAway\BombsAway\BombsAway\src\Enemy.cpp(99,70): warning C4244:         with
C:\Users\owner\Documents\BombsAway\BombsAway\BombsAway\src\Enemy.cpp(99,70): warning C4244:         [
C:\Users\owner\Documents\BombsAway\BombsAway\BombsAway\src\Enemy.cpp(99,70): warning C4244:             T=float
C:\Users\owner\Documents\BombsAway\BombsAway\BombsAway\src\Enemy.cpp(99,70): warning C4244:         ]
C:\Users\owner\Documents\BombsAway\BombsAway\BombsAway\src\Enemy.cpp(103,87): warning C4244:  'argument': conversion from 'T' to 'int', possible loss of data
C:\Users\owner\Documents\BombsAway\BombsAway\BombsAway\src\Enemy.cpp(103,87): warning C4244:         with
C:\Users\owner\Documents\BombsAway\BombsAway\BombsAway\src\Enemy.cpp(103,87): warning C4244:         [
C:\Users\owner\Documents\BombsAway\BombsAway\BombsAway\src\Enemy.cpp(103,87): warning C4244:             T=float
C:\Users\owner\Documents\BombsAway\BombsAway\BombsAway\src\Enemy.cpp(103,87): warning C4244:         ]
C:\Users\owner\Documents\BombsAway\BombsAway\BombsAway\src\Enemy.cpp(103,70): warning C4244:  'argument': conversion from 'T' to 'int', possible loss of data
C:\Users\owner\Documents\BombsAway\BombsAway\BombsAway\src\Enemy.cpp(103,70): warning C4244:         with
C:\Users\owner\Documents\BombsAway\BombsAway\BombsAway\src\Enemy.cpp(103,70): warning C4244:         [
C:\Users\owner\Documents\BombsAway\BombsAway\BombsAway\src\Enemy.cpp(103,70): warning C4244:             T=float
C:\Users\owner\Documents\BombsAway\BombsAway\BombsAway\src\Enemy.cpp(103,70): warning C4244:         ]
C:\Users\owner\Documents\BombsAway\BombsAway\BombsAway\src\Enemy.cpp(125,83): warning C4244:  'argument': conversion from 'T' to 'int', possible loss of data
C:\Users\owner\Documents\BombsAway\BombsAway\BombsAway\src\Enemy.cpp(125,83): warning C4244:         with
C:\Users\owner\Documents\BombsAway\BombsAway\BombsAway\src\Enemy.cpp(125,83): warning C4244:         [
C:\Users\owner\Documents\BombsAway\BombsAway\BombsAway\src\Enemy.cpp(125,83): warning C4244:             T=float
C:\Users\owner\Documents\BombsAway\BombsAway\BombsAway\src\Enemy.cpp(125,83): warning C4244:         ]
C:\Users\owner\Documents\BombsAway\BombsAway\BombsAway\src\Enemy.cpp(125,66): warning C4244:  'argument': conversion from 'T' to 'int', possible loss of data
C:\Users\owner\Documents\BombsAway\BombsAway\BombsAway\src\Enemy.cpp(125,66): warning C4244:         with
C:\Users\owner\Documents\BombsAway\BombsAway\BombsAway\src\Enemy.cpp(125,66): warning C4244:         [
C:\Users\owner\Documents\BombsAway\BombsAway\BombsAway\src\Enemy.cpp(125,66): warning C4244:             T=float
C:\Users\owner\Documents\BombsAway\BombsAway\BombsAway\src\Enemy.cpp(125,66): warning C4244:         ]
C:\Users\owner\Documents\BombsAway\BombsAway\BombsAway\src\Enemy.cpp(146,83): warning C4244:  'argument': conversion from 'T' to 'int', possible loss of data
C:\Users\owner\Documents\BombsAway\BombsAway\BombsAway\src\Enemy.cpp(146,83): warning C4244:         with
C:\Users\owner\Documents\BombsAway\BombsAway\BombsAway\src\Enemy.cpp(146,83): warning C4244:         [
C:\Users\owner\Documents\BombsAway\BombsAway\BombsAway\src\Enemy.cpp(146,83): warning C4244:             T=float
C:\Users\owner\Documents\BombsAway\BombsAway\BombsAway\src\Enemy.cpp(146,83): warning C4244:         ]
C:\Users\owner\Documents\BombsAway\BombsAway\BombsAway\src\Enemy.cpp(146,66): warning C4244:  'argument': conversion from 'T' to 'int', possible loss of data
C:\Users\owner\Documents\BombsAway\BombsAway\BombsAway\src\Enemy.cpp(146,66): warning C4244:         with
C:\Users\owner\Documents\BombsAway\BombsAway\BombsAway\src\Enemy.cpp(146,66): warning C4244:         [
C:\Users\owner\Documents\BombsAway\BombsAway\BombsAway\src\Enemy.cpp(146,66): warning C4244:             T=float
C:\Users\owner\Documents\BombsAway\BombsAway\BombsAway\src\Enemy.cpp(146,66): warning C4244:         ]
C:\Users\owner\Documents\BombsAway\BombsAway\BombsAway\src\Enemy.cpp(155,87): warning C4244:  'argument': conversion from 'T' to 'int', possible loss of data
C:\Users\owner\Documents\BombsAway\BombsAway\BombsAway\src\Enemy.cpp(155,87): warning C4244:         with
C:\Users\owner\Documents\BombsAway\BombsAway\BombsAway\src\Enemy.cpp(155,87): warning C4244:         [
C:\Users\owner\Documents\BombsAway\BombsAway\BombsAway\src\Enemy.cpp(155,87): warning C4244:             T=float
C:\Users\owner\Documents\BombsAway\BombsAway\BombsAway\src\Enemy.cpp(155,87): warning C4244:         ]
C:\Users\owner\Documents\BombsAway\BombsAway\BombsAway\src\Enemy.cpp(155,70): warning C4244:  'argument': conversion from 'T' to 'int', possible loss of data
C:\Users\owner\Documents\BombsAway\BombsAway\BombsAway\src\Enemy.cpp(155,70): warning C4244:         with
C:\Users\owner\Documents\BombsAway\BombsAway\BombsAway\src\Enemy.cpp(155,70): warning C4244:         [
C:\Users\owner\Documents\BombsAway\BombsAway\BombsAway\src\Enemy.cpp(155,70): warning C4244:             T=float
C:\Users\owner\Documents\BombsAway\BombsAway\BombsAway\src\Enemy.cpp(155,70): warning C4244:         ]
C:\Users\owner\Documents\BombsAway\BombsAway\BombsAway\src\Enemy.cpp(159,87): warning C4244:  'argument': conversion from 'T' to 'int', possible loss of data
C:\Users\owner\Documents\BombsAway\BombsAway\BombsAway\src\Enemy.cpp(159,87): warning C4244:         with
C:\Users\owner\Documents\BombsAway\BombsAway\BombsAway\src\Enemy.cpp(159,87): warning C4244:         [
C:\Users\owner\Documents\BombsAway\BombsAway\BombsAway\src\Enemy.cpp(159,87): warning C4244:             T=float
C:\Users\owner\Documents\BombsAway\BombsAway\BombsAway\src\Enemy.cpp(159,87): warning C4244:         ]
C:\Users\owner\Documents\BombsAway\BombsAway\BombsAway\src\Enemy.cpp(159,70): warning C4244:  'argument': conversion from 'T' to 'int', possible loss of data
C:\Users\owner\Documents\BombsAway\BombsAway\BombsAway\src\Enemy.cpp(159,70): warning C4244:         with
C:\Users\owner\Documents\BombsAway\BombsAway\BombsAway\src\Enemy.cpp(159,70): warning C4244:         [
C:\Users\owner\Documents\BombsAway\BombsAway\BombsAway\src\Enemy.cpp(159,70): warning C4244:             T=float
C:\Users\owner\Documents\BombsAway\BombsAway\BombsAway\src\Enemy.cpp(159,70): warning C4244:         ]
C:\Users\owner\Documents\BombsAway\BombsAway\BombsAway\src\Enemy.cpp(165,87): warning C4244:  'argument': conversion from 'T' to 'int', possible loss of data
C:\Users\owner\Documents\BombsAway\BombsAway\BombsAway\src\Enemy.cpp(165,87): warning C4244:         with
C:\Users\owner\Documents\BombsAway\BombsAway\BombsAway\src\Enemy.cpp(165,87): warning C4244:         [
C:\Users\owner\Documents\BombsAway\BombsAway\BombsAway\src\Enemy.cpp(165,87): warning C4244:             T=float
C:\Users\owner\Documents\BombsAway\BombsAway\BombsAway\src\Enemy.cpp(165,87): warning C4244:         ]
C:\Users\owner\Documents\BombsAway\BombsAway\BombsAway\src\Enemy.cpp(165,70): warning C4244:  'argument': conversion from 'T' to 'int', possible loss of data
C:\Users\owner\Documents\BombsAway\BombsAway\BombsAway\src\Enemy.cpp(165,70): warning C4244:         with
C:\Users\owner\Documents\BombsAway\BombsAway\BombsAway\src\Enemy.cpp(165,70): warning C4244:         [
C:\Users\owner\Documents\BombsAway\BombsAway\BombsAway\src\Enemy.cpp(165,70): warning C4244:             T=float
C:\Users\owner\Documents\BombsAway\BombsAway\BombsAway\src\Enemy.cpp(165,70): warning C4244:         ]
C:\Users\owner\Documents\BombsAway\BombsAway\BombsAway\src\Enemy.cpp(169,87): warning C4244:  'argument': conversion from 'T' to 'int', possible loss of data
C:\Users\owner\Documents\BombsAway\BombsAway\BombsAway\src\Enemy.cpp(169,87): warning C4244:         with
C:\Users\owner\Documents\BombsAway\BombsAway\BombsAway\src\Enemy.cpp(169,87): warning C4244:         [
C:\Users\owner\Documents\BombsAway\BombsAway\BombsAway\src\Enemy.cpp(169,87): warning C4244:             T=float
C:\Users\owner\Documents\BombsAway\BombsAway\BombsAway\src\Enemy.cpp(169,87): warning C4244:         ]
C:\Users\owner\Documents\BombsAway\BombsAway\BombsAway\src\Enemy.cpp(169,70): warning C4244:  'argument': conversion from 'T' to 'int', possible loss of data
C:\Users\owner\Documents\BombsAway\BombsAway\BombsAway\src\Enemy.cpp(169,70): warning C4244:         with
C:\Users\owner\Documents\BombsAway\BombsAway\BombsAway\src\Enemy.cpp(169,70): warning C4244:         [
C:\Users\owner\Documents\BombsAway\BombsAway\BombsAway\src\Enemy.cpp(169,70): warning C4244:             T=float
C:\Users\owner\Documents\BombsAway\BombsAway\BombsAway\src\Enemy.cpp(169,70): warning C4244:         ]
C:\Users\owner\Documents\BombsAway\BombsAway\BombsAway\src\Enemy.cpp(175,87): warning C4244:  'argument': conversion from 'T' to 'int', possible loss of data
C:\Users\owner\Documents\BombsAway\BombsAway\BombsAway\src\Enemy.cpp(175,87): warning C4244:         with
C:\Users\owner\Documents\BombsAway\BombsAway\BombsAway\src\Enemy.cpp(175,87): warning C4244:         [
C:\Users\owner\Documents\BombsAway\BombsAway\BombsAway\src\Enemy.cpp(175,87): warning C4244:             T=float
C:\Users\owner\Documents\BombsAway\BombsAway\BombsAway\src\Enemy.cpp(175,87): warning C4244:         ]
C:\Users\owner\Documents\BombsAway\BombsAway\BombsAway\src\Enemy.cpp(175,70): warning C4244:  'argument': conversion from 'T' to 'int', possible loss of data
C:\Users\owner\Documents\BombsAway\BombsAway\BombsAway\src\Enemy.cpp(175,70): warning C4244:         with
C:\Users\owner\Documents\BombsAway\BombsAway\BombsAway\src\Enemy.cpp(175,70): warning C4244:         [
C:\Users\owner\Documents\BombsAway\BombsAway\BombsAway\src\Enemy.cpp(175,70): warning C4244:             T=float
C:\Users\owner\Documents\BombsAway\BombsAway\BombsAway\src\Enemy.cpp(175,70): warning C4244:         ]
C:\Users\owner\Documents\BombsAway\BombsAway\BombsAway\src\Enemy.cpp(179,87): warning C4244:  'argument': conversion from 'T' to 'int', possible loss of data
C:\Users\owner\Documents\BombsAway\BombsAway\BombsAway\src\Enemy.cpp(179,87): warning C4244:         with
C:\Users\owner\Documents\BombsAway\BombsAway\BombsAway\src\Enemy.cpp(179,87): warning C4244:         [
C:\Users\owner\Documents\BombsAway\BombsAway\BombsAway\src\Enemy.cpp(179,87): warning C4244:             T=float
C:\Users\owner\Documents\BombsAway\BombsAway\BombsAway\src\Enemy.cpp(179,87): warning C4244:         ]
C:\Users\owner\Documents\BombsAway\BombsAway\BombsAway\src\Enemy.cpp(179,70): warning C4244:  'argument': conversion from 'T' to 'int', possible loss of data
C:\Users\owner\Documents\BombsAway\BombsAway\BombsAway\src\Enemy.cpp(179,70): warning C4244:         with
C:\Users\owner\Documents\BombsAway\BombsAway\BombsAway\src\Enemy.cpp(179,70): warning C4244:         [
C:\Users\owner\Documents\BombsAway\BombsAway\BombsAway\src\Enemy.cpp(179,70): warning C4244:             T=float
C:\Users\owner\Documents\BombsAway\BombsAway\BombsAway\src\Enemy.cpp(179,70): warning C4244:         ]
C:\Users\owner\Documents\BombsAway\BombsAway\BombsAway\src\Enemy.cpp(185,87): warning C4244:  'argument': conversion from 'T' to 'int', possible loss of data
C:\Users\owner\Documents\BombsAway\BombsAway\BombsAway\src\Enemy.cpp(185,87): warning C4244:         with
C:\Users\owner\Documents\BombsAway\BombsAway\BombsAway\src\Enemy.cpp(185,87): warning C4244:         [
C:\Users\owner\Documents\BombsAway\BombsAway\BombsAway\src\Enemy.cpp(185,87): warning C4244:             T=float
C:\Users\owner\Documents\BombsAway\BombsAway\BombsAway\src\Enemy.cpp(185,87): warning C4244:         ]
C:\Users\owner\Documents\BombsAway\BombsAway\BombsAway\src\Enemy.cpp(185,70): warning C4244:  'argument': conversion from 'T' to 'int', possible loss of data
C:\Users\owner\Documents\BombsAway\BombsAway\BombsAway\src\Enemy.cpp(185,70): warning C4244:         with
C:\Users\owner\Documents\BombsAway\BombsAway\BombsAway\src\Enemy.cpp(185,70): warning C4244:         [
C:\Users\owner\Documents\BombsAway\BombsAway\BombsAway\src\Enemy.cpp(185,70): warning C4244:             T=float
C:\Users\owner\Documents\BombsAway\BombsAway\BombsAway\src\Enemy.cpp(185,70): warning C4244:         ]
C:\Users\owner\Documents\BombsAway\BombsAway\BombsAway\src\Enemy.cpp(189,87): warning C4244:  'argument': conversion from 'T' to 'int', possible loss of data
C:\Users\owner\Documents\BombsAway\BombsAway\BombsAway\src\Enemy.cpp(189,87): warning C4244:         with
C:\Users\owner\Documents\BombsAway\BombsAway\BombsAway\src\Enemy.cpp(189,87): warning C4244:         [
C:\Users\owner\Documents\BombsAway\BombsAway\BombsAway\src\Enemy.cpp(189,87): warning C4244:             T=float
C:\Users\owner\Documents\BombsAway\BombsAway\BombsAway\src\Enemy.cpp(189,87): warning C4244:         ]
  Explosion.cpp
C:\Users\owner\Documents\BombsAway\BombsAway\BombsAway\src\Enemy.cpp(189,70): warning C4244:  'argument': conversion from 'T' to 'int', possible loss of data
C:\Users\owner\Documents\BombsAway\BombsAway\BombsAway\src\Enemy.cpp(189,70): warning C4244:         with
C:\Users\owner\Documents\BombsAway\BombsAway\BombsAway\src\Enemy.cpp(189,70): warning C4244:         [
C:\Users\owner\Documents\BombsAway\BombsAway\BombsAway\src\Enemy.cpp(189,70): warning C4244:             T=float
C:\Users\owner\Documents\BombsAway\BombsAway\BombsAway\src\Enemy.cpp(189,70): warning C4244:         ]
C:\Users\owner\Documents\BombsAway\BombsAway\BombsAway\src\Game.h(36,32): warning C4244:  'initializing': conversion from 'float' to 'int', possible loss of data
C:\Users\owner\Documents\BombsAway\BombsAway\BombsAway\src\Explosion.cpp(10,15): warning C4244:  'argument': conversion from 'T' to 'int', possible loss of data
C:\Users\owner\Documents\BombsAway\BombsAway\BombsAway\src\Explosion.cpp(10,15): warning C4244:         with
C:\Users\owner\Documents\BombsAway\BombsAway\BombsAway\src\Explosion.cpp(10,15): warning C4244:         [
C:\Users\owner\Documents\BombsAway\BombsAway\BombsAway\src\Explosion.cpp(10,15): warning C4244:             T=float
C:\Users\owner\Documents\BombsAway\BombsAway\BombsAway\src\Explosion.cpp(10,15): warning C4244:         ]
C:\Users\owner\Documents\BombsAway\BombsAway\BombsAway\src\Explosion.cpp(11,16): warning C4244:  'argument': conversion from 'T' to 'int', possible loss of data
C:\Users\owner\Documents\BombsAway\BombsAway\BombsAway\src\Explosion.cpp(11,16): warning C4244:         with
C:\Users\owner\Documents\BombsAway\BombsAway\BombsAway\src\Explosion.cpp(11,16): warning C4244:         [
C:\Users\owner\Documents\BombsAway\BombsAway\BombsAway\src\Explosion.cpp(11,16): warning C4244:             T=float
C:\Users\owner\Documents\BombsAway\BombsAway\BombsAway\src\Explosion.cpp(11,16): warning C4244:         ]
C:\Users\owner\Documents\BombsAway\BombsAway\BombsAway\src\Explosion.cpp(28,88): warning C4244:  'argument': conversion from 'T' to 'int', possible loss of data
C:\Users\owner\Documents\BombsAway\BombsAway\BombsAway\src\Explosion.cpp(28,88): warning C4244:         with
C:\Users\owner\Documents\BombsAway\BombsAway\BombsAway\src\Explosion.cpp(28,88): warning C4244:         [
C:\Users\owner\Documents\BombsAway\BombsAway\BombsAway\src\Explosion.cpp(28,88): warning C4244:             T=float
C:\Users\owner\Documents\BombsAway\BombsAway\BombsAway\src\Explosion.cpp(28,88): warning C4244:         ]
C:\Users\owner\Documents\BombsAway\BombsAway\BombsAway\src\Explosion.cpp(28,71): warning C4244:  'argument': conversion from 'T' to 'int', possible loss of data
C:\Users\owner\Documents\BombsAway\BombsAway\BombsAway\src\Explosion.cpp(28,71): warning C4244:         with
C:\Users\owner\Documents\BombsAway\BombsAway\BombsAway\src\Explosion.cpp(28,71): warning C4244:         [
C:\Users\owner\Documents\BombsAway\BombsAway\BombsAway\src\Explosion.cpp(28,71): warning C4244:             T=float
C:\Users\owner\Documents\BombsAway\BombsAway\BombsAway\src\Explosion.cpp(28,71): warning C4244:         ]
C:\Users\owner\Documents\BombsAway\BombsAway\BombsAway\src\Explosion.cpp(31,88): warning C4244:  'argument': conversion from 'T' to 'int', possible loss of data
C:\Users\owner\Documents\BombsAway\BombsAway\BombsAway\src\Explosion.cpp(31,88): warning C4244:         with
C:\Users\owner\Documents\BombsAway\BombsAway\BombsAway\src\Explosion.cpp(31,88): warning C4244:         [
C:\Users\owner\Documents\BombsAway\BombsAway\BombsAway\src\Explosion.cpp(31,88): warning C4244:             T=float
C:\Users\owner\Documents\BombsAway\BombsAway\BombsAway\src\Explosion.cpp(31,88): warning C4244:         ]
C:\Users\owner\Documents\BombsAway\BombsAway\BombsAway\src\Explosion.cpp(31,71): warning C4244:  'argument': conversion from 'T' to 'int', possible loss of data
C:\Users\owner\Documents\BombsAway\BombsAway\BombsAway\src\Explosion.cpp(31,71): warning C4244:         with
C:\Users\owner\Documents\BombsAway\BombsAway\BombsAway\src\Explosion.cpp(31,71): warning C4244:         [
C:\Users\owner\Documents\BombsAway\BombsAway\BombsAway\src\Explosion.cpp(31,71): warning C4244:             T=float
C:\Users\owner\Documents\BombsAway\BombsAway\BombsAway\src\Explosion.cpp(31,71): warning C4244:         ]
C:\Users\owner\Documents\BombsAway\BombsAway\BombsAway\src\Explosion.cpp(37,88): warning C4244:  'argument': conversion from 'T' to 'int', possible loss of data
C:\Users\owner\Documents\BombsAway\BombsAway\BombsAway\src\Explosion.cpp(37,88): warning C4244:         with
C:\Users\owner\Documents\BombsAway\BombsAway\BombsAway\src\Explosion.cpp(37,88): warning C4244:         [
C:\Users\owner\Documents\BombsAway\BombsAway\BombsAway\src\Explosion.cpp(37,88): warning C4244:             T=float
C:\Users\owner\Documents\BombsAway\BombsAway\BombsAway\src\Explosion.cpp(37,88): warning C4244:         ]
C:\Users\owner\Documents\BombsAway\BombsAway\BombsAway\src\Explosion.cpp(37,71): warning C4244:  'argument': conversion from 'T' to 'int', possible loss of data
C:\Users\owner\Documents\BombsAway\BombsAway\BombsAway\src\Explosion.cpp(37,71): warning C4244:         with
C:\Users\owner\Documents\BombsAway\BombsAway\BombsAway\src\Explosion.cpp(37,71): warning C4244:         [
C:\Users\owner\Documents\BombsAway\BombsAway\BombsAway\src\Explosion.cpp(37,71): warning C4244:             T=float
C:\Users\owner\Documents\BombsAway\BombsAway\BombsAway\src\Explosion.cpp(37,71): warning C4244:         ]
C:\Users\owner\Documents\BombsAway\BombsAway\BombsAway\src\Explosion.cpp(40,88): warning C4244:  'argument': conversion from 'T' to 'int', possible loss of data
C:\Users\owner\Documents\BombsAway\BombsAway\BombsAway\src\Explosion.cpp(40,88): warning C4244:         with
C:\Users\owner\Documents\BombsAway\BombsAway\BombsAway\src\Explosion.cpp(40,88): warning C4244:         [
C:\Users\owner\Documents\BombsAway\BombsAway\BombsAway\src\Explosion.cpp(40,88): warning C4244:             T=float
C:\Users\owner\Documents\BombsAway\BombsAway\BombsAway\src\Explosion.cpp(40,88): warning C4244:         ]
C:\Users\owner\Documents\BombsAway\BombsAway\BombsAway\src\Explosion.cpp(40,71): warning C4244:  'argument': conversion from 'T' to 'int', possible loss of data
C:\Users\owner\Documents\BombsAway\BombsAway\BombsAway\src\Explosion.cpp(40,71): warning C4244:         with
C:\Users\owner\Documents\BombsAway\BombsAway\BombsAway\src\Explosion.cpp(40,71): warning C4244:         [
C:\Users\owner\Documents\BombsAway\BombsAway\BombsAway\src\Explosion.cpp(40,71): warning C4244:             T=float
C:\Users\owner\Documents\BombsAway\BombsAway\BombsAway\src\Explosion.cpp(40,71): warning C4244:         ]
C:\Users\owner\Documents\BombsAway\BombsAway\BombsAway\src\Explosion.cpp(43,88): warning C4244:  'argument': conversion from 'T' to 'int', possible loss of data
C:\Users\owner\Documents\BombsAway\BombsAway\BombsAway\src\Explosion.cpp(43,88): warning C4244:         with
C:\Users\owner\Documents\BombsAway\BombsAway\BombsAway\src\Explosion.cpp(43,88): warning C4244:         [
C:\Users\owner\Documents\BombsAway\BombsAway\BombsAway\src\Explosion.cpp(43,88): warning C4244:             T=float
C:\Users\owner\Documents\BombsAway\BombsAway\BombsAway\src\Explosion.cpp(43,88): warning C4244:         ]
C:\Users\owner\Documents\BombsAway\BombsAway\BombsAway\src\Explosion.cpp(43,71): warning C4244:  'argument': conversion from 'T' to 'int', possible loss of data
C:\Users\owner\Documents\BombsAway\BombsAway\BombsAway\src\Explosion.cpp(43,71): warning C4244:         with
C:\Users\owner\Documents\BombsAway\BombsAway\BombsAway\src\Explosion.cpp(43,71): warning C4244:         [
C:\Users\owner\Documents\BombsAway\BombsAway\BombsAway\src\Explosion.cpp(43,71): warning C4244:             T=float
C:\Users\owner\Documents\BombsAway\BombsAway\BombsAway\src\Explosion.cpp(43,71): warning C4244:         ]
C:\Users\owner\Documents\BombsAway\BombsAway\BombsAway\src\Explosion.cpp(46,88): warning C4244:  'argument': conversion from 'T' to 'int', possible loss of data
C:\Users\owner\Documents\BombsAway\BombsAway\BombsAway\src\Explosion.cpp(46,88): warning C4244:         with
C:\Users\owner\Documents\BombsAway\BombsAway\BombsAway\src\Explosion.cpp(46,88): warning C4244:         [
C:\Users\owner\Documents\BombsAway\BombsAway\BombsAway\src\Explosion.cpp(46,88): warning C4244:             T=float
C:\Users\owner\Documents\BombsAway\BombsAway\BombsAway\src\Explosion.cpp(46,88): warning C4244:         ]
C:\Users\owner\Documents\BombsAway\BombsAway\BombsAway\src\Explosion.cpp(46,71): warning C4244:  'argument': conversion from 'T' to 'int', possible loss of data
C:\Users\owner\Documents\BombsAway\BombsAway\BombsAway\src\Explosion.cpp(46,71): warning C4244:         with
C:\Users\owner\Documents\BombsAway\BombsAway\BombsAway\src\Explosion.cpp(46,71): warning C4244:         [
C:\Users\owner\Documents\BombsAway\BombsAway\BombsAway\src\Explosion.cpp(46,71): warning C4244:             T=float
C:\Users\owner\Documents\BombsAway\BombsAway\BombsAway\src\Explosion.cpp(46,71): warning C4244:         ]
C:\Users\owner\Documents\BombsAway\BombsAway\BombsAway\src\Explosion.cpp(49,88): warning C4244:  'argument': conversion from 'T' to 'int', possible loss of data
C:\Users\owner\Documents\BombsAway\BombsAway\BombsAway\src\Explosion.cpp(49,88): warning C4244:         with
C:\Users\owner\Documents\BombsAway\BombsAway\BombsAway\src\Explosion.cpp(49,88): warning C4244:         [
C:\Users\owner\Documents\BombsAway\BombsAway\BombsAway\src\Explosion.cpp(49,88): warning C4244:             T=float
C:\Users\owner\Documents\BombsAway\BombsAway\BombsAway\src\Explosion.cpp(49,88): warning C4244:         ]
C:\Users\owner\Documents\BombsAway\BombsAway\BombsAway\src\Explosion.cpp(49,71): warning C4244:  'argument': conversion from 'T' to 'int', possible loss of data
C:\Users\owner\Documents\BombsAway\BombsAway\BombsAway\src\Explosion.cpp(49,71): warning C4244:         with
C:\Users\owner\Documents\BombsAway\BombsAway\BombsAway\src\Explosion.cpp(49,71): warning C4244:         [
C:\Users\owner\Documents\BombsAway\BombsAway\BombsAway\src\Explosion.cpp(49,71): warning C4244:             T=float
C:\Users\owner\Documents\BombsAway\BombsAway\BombsAway\src\Explosion.cpp(49,71): warning C4244:         ]
C:\Users\owner\Documents\BombsAway\BombsAway\BombsAway\src\Explosion.cpp(52,88): warning C4244:  'argument': conversion from 'T' to 'int', possible loss of data
C:\Users\owner\Documents\BombsAway\BombsAway\BombsAway\src\Explosion.cpp(52,88): warning C4244:         with
C:\Users\owner\Documents\BombsAway\BombsAway\BombsAway\src\Explosion.cpp(52,88): warning C4244:         [
C:\Users\owner\Documents\BombsAway\BombsAway\BombsAway\src\Explosion.cpp(52,88): warning C4244:             T=float
C:\Users\owner\Documents\BombsAway\BombsAway\BombsAway\src\Explosion.cpp(52,88): warning C4244:         ]
C:\Users\owner\Documents\BombsAway\BombsAway\BombsAway\src\Explosion.cpp(52,71): warning C4244:  'argument': conversion from 'T' to 'int', possible loss of data
C:\Users\owner\Documents\BombsAway\BombsAway\BombsAway\src\Explosion.cpp(52,71): warning C4244:         with
C:\Users\owner\Documents\BombsAway\BombsAway\BombsAway\src\Explosion.cpp(52,71): warning C4244:         [
C:\Users\owner\Documents\BombsAway\BombsAway\BombsAway\src\Explosion.cpp(52,71): warning C4244:             T=float
C:\Users\owner\Documents\BombsAway\BombsAway\BombsAway\src\Explosion.cpp(52,71): warning C4244:         ]
C:\Users\owner\Documents\BombsAway\BombsAway\BombsAway\src\Explosion.cpp(55,88): warning C4244:  'argument': conversion from 'T' to 'int', possible loss of data
C:\Users\owner\Documents\BombsAway\BombsAway\BombsAway\src\Explosion.cpp(55,88): warning C4244:         with
C:\Users\owner\Documents\BombsAway\BombsAway\BombsAway\src\Explosion.cpp(55,88): warning C4244:         [
C:\Users\owner\Documents\BombsAway\BombsAway\BombsAway\src\Explosion.cpp(55,88): warning C4244:             T=float
C:\Users\owner\Documents\BombsAway\BombsAway\BombsAway\src\Explosion.cpp(55,88): warning C4244:         ]
C:\Users\owner\Documents\BombsAway\BombsAway\BombsAway\src\Explosion.cpp(55,71): warning C4244:  'argument': conversion from 'T' to 'int', possible loss of data
C:\Users\owner\Documents\BombsAway\BombsAway\BombsAway\src\Explosion.cpp(55,71): warning C4244:         with
C:\Users\owner\Documents\BombsAway\BombsAway\BombsAway\src\Explosion.cpp(55,71): warning C4244:         [
C:\Users\owner\Documents\BombsAway\BombsAway\BombsAway\src\Explosion.cpp(55,71): warning C4244:             T=float
C:\Users\owner\Documents\BombsAway\BombsAway\BombsAway\src\Explosion.cpp(55,71): warning C4244:         ]
C:\Users\owner\Documents\BombsAway\BombsAway\BombsAway\src\Explosion.cpp(58,88): warning C4244:  'argument': conversion from 'T' to 'int', possible loss of data
C:\Users\owner\Documents\BombsAway\BombsAway\BombsAway\src\Explosion.cpp(58,88): warning C4244:         with
C:\Users\owner\Documents\BombsAway\BombsAway\BombsAway\src\Explosion.cpp(58,88): warning C4244:         [
C:\Users\owner\Documents\BombsAway\BombsAway\BombsAway\src\Explosion.cpp(58,88): warning C4244:             T=float
C:\Users\owner\Documents\BombsAway\BombsAway\BombsAway\src\Explosion.cpp(58,88): warning C4244:         ]
  FSM.cpp
C:\Users\owner\Documents\BombsAway\BombsAway\BombsAway\src\Explosion.cpp(58,71): warning C4244:  'argument': conversion from 'T' to 'int', possible loss of data
C:\Users\owner\Documents\BombsAway\BombsAway\BombsAway\src\Explosion.cpp(58,71): warning C4244:         with
C:\Users\owner\Documents\BombsAway\BombsAway\BombsAway\src\Explosion.cpp(58,71): warning C4244:         [
C:\Users\owner\Documents\BombsAway\BombsAway\BombsAway\src\Explosion.cpp(58,71): warning C4244:             T=float
C:\Users\owner\Documents\BombsAway\BombsAway\BombsAway\src\Explosion.cpp(58,71): warning C4244:         ]
  Game.cpp
C:\Users\owner\Documents\BombsAway\BombsAway\BombsAway\src\Game.h(36,32): warning C4244:  'initializing': conversion from 'float' to 'int', possible loss of data
C:\Users\owner\Documents\BombsAway\BombsAway\BombsAway\src\Game.h(36,32): warning C4244:  'initializing': conversion from 'float' to 'int', possible loss of data
C:\Users\owner\Documents\BombsAway\BombsAway\BombsAway\src\Game.cpp(136,12): warning C4244:  'argument': conversion from 'time_t' to 'unsigned int', possible loss of data
C:\Users\owner\Documents\BombsAway\BombsAway\BombsAway\src\Game.cpp(461,36): warning C4244:  '=': conversion from 'Sint32' to 'T', possible loss of data
C:\Users\owner\Documents\BombsAway\BombsAway\BombsAway\src\Game.cpp(461,36): warning C4244:         with
C:\Users\owner\Documents\BombsAway\BombsAway\BombsAway\src\Game.cpp(461,36): warning C4244:         [
C:\Users\owner\Documents\BombsAway\BombsAway\BombsAway\src\Game.cpp(461,36): warning C4244:             T=float
C:\Users\owner\Documents\BombsAway\BombsAway\BombsAway\src\Game.cpp(461,36): warning C4244:         ]
  GameObject.cpp
  Hole.cpp
C:\Users\owner\Documents\BombsAway\BombsAway\BombsAway\src\Game.cpp(462,36): warning C4244:  '=': conversion from 'Sint32' to 'T', possible loss of data
C:\Users\owner\Documents\BombsAway\BombsAway\BombsAway\src\Game.cpp(462,36): warning C4244:         with
C:\Users\owner\Documents\BombsAway\BombsAway\BombsAway\src\Game.cpp(462,36): warning C4244:         [
C:\Users\owner\Documents\BombsAway\BombsAway\BombsAway\src\Game.cpp(462,36): warning C4244:             T=float
C:\Users\owner\Documents\BombsAway\BombsAway\BombsAway\src\Game.cpp(462,36): warning C4244:         ]
C:\Users\owner\Documents\BombsAway\BombsAway\BombsAway\src\Game.h(36,32): warning C4244:  'initializing': conversion from 'float' to 'int', possible loss of data
C:\Users\owner\Documents\BombsAway\BombsAway\BombsAway\src\Hole.cpp(12,15): warning C4244:  'argument': conversion from 'T' to 'int', possible loss of data
C:\Users\owner\Documents\BombsAway\BombsAway\BombsAway\src\Hole.cpp(12,15): warning C4244:         with
C:\Users\owner\Documents\BombsAway\BombsAway\BombsAway\src\Hole.cpp(12,15): warning C4244:         [
C:\Users\owner\Documents\BombsAway\BombsAway\BombsAway\src\Hole.cpp(12,15): warning C4244:             T=float
C:\Users\owner\Documents\BombsAway\BombsAway\BombsAway\src\Hole.cpp(12,15): warning C4244:         ]
C:\Users\owner\Documents\BombsAway\BombsAway\BombsAway\src\Hole.cpp(13,16): warning C4244:  'argument': conversion from 'T' to 'int', possible loss of data
C:\Users\owner\Documents\BombsAway\BombsAway\BombsAway\src\Hole.cpp(13,16): warning C4244:         with
C:\Users\owner\Documents\BombsAway\BombsAway\BombsAway\src\Hole.cpp(13,16): warning C4244:         [
C:\Users\owner\Documents\BombsAway\BombsAway\BombsAway\src\Hole.cpp(13,16): warning C4244:             T=float
C:\Users\owner\Documents\BombsAway\BombsAway\BombsAway\src\Hole.cpp(13,16): warning C4244:         ]
C:\Users\owner\Documents\BombsAway\BombsAway\BombsAway\src\Hole.cpp(24,82): warning C4244:  'argument': conversion from 'T' to 'int', possible loss of data
C:\Users\owner\Documents\BombsAway\BombsAway\BombsAway\src\Hole.cpp(24,82): warning C4244:         with
C:\Users\owner\Documents\BombsAway\BombsAway\BombsAway\src\Hole.cpp(24,82): warning C4244:         [
C:\Users\owner\Documents\BombsAway\BombsAway\BombsAway\src\Hole.cpp(24,82): warning C4244:             T=float
C:\Users\owner\Documents\BombsAway\BombsAway\BombsAway\src\Hole.cpp(24,82): warning C4244:         ]
  main.cpp
C:\Users\owner\Documents\BombsAway\BombsAway\BombsAway\src\Hole.cpp(24,65): warning C4244:  'argument': conversion from 'T' to 'int', possible loss of data
C:\Users\owner\Documents\BombsAway\BombsAway\BombsAway\src\Hole.cpp(24,65): warning C4244:         with
C:\Users\owner\Documents\BombsAway\BombsAway\BombsAway\src\Hole.cpp(24,65): warning C4244:         [
C:\Users\owner\Documents\BombsAway\BombsAway\BombsAway\src\Hole.cpp(24,65): warning C4244:             T=float
C:\Users\owner\Documents\BombsAway\BombsAway\BombsAway\src\Hole.cpp(24,65): warning C4244:         ]
  Player.cpp
C:\Users\owner\Documents\BombsAway\BombsAway\BombsAway\src\Game.h(36,32): warning C4244:  'initializing': conversion from 'float' to 'int', possible loss of data
C:\Users\owner\Documents\BombsAway\BombsAway\BombsAway\src\Game.h(36,32): warning C4244:  'initializing': conversion from 'float' to 'int', possible loss of data
C:\Users\owner\Documents\BombsAway\BombsAway\BombsAway\src\Player.cpp(16,15): warning C4244:  'argument': conversion from 'T' to 'int', possible loss of data
C:\Users\owner\Documents\BombsAway\BombsAway\BombsAway\src\Player.cpp(16,15): warning C4244:         with
C:\Users\owner\Documents\BombsAway\BombsAway\BombsAway\src\Player.cpp(16,15): warning C4244:         [
C:\Users\owner\Documents\BombsAway\BombsAway\BombsAway\src\Player.cpp(16,15): warning C4244:             T=float
C:\Users\owner\Documents\BombsAway\BombsAway\BombsAway\src\Player.cpp(16,15): warning C4244:         ]
C:\Users\owner\Documents\BombsAway\BombsAway\BombsAway\src\Player.cpp(17,16): warning C4244:  'argument': conversion from 'T' to 'int', possible loss of data
C:\Users\owner\Documents\BombsAway\BombsAway\BombsAway\src\Player.cpp(17,16): warning C4244:         with
C:\Users\owner\Documents\BombsAway\BombsAway\BombsAway\src\Player.cpp(17,16): warning C4244:         [
C:\Users\owner\Documents\BombsAway\BombsAway\BombsAway\src\Player.cpp(17,16): warning C4244:             T=float
C:\Users\owner\Documents\BombsAway\BombsAway\BombsAway\src\Player.cpp(17,16): warning C4244:         ]
C:\Users\owner\Documents\BombsAway\BombsAway\BombsAway\src\Player.cpp(38,86): warning C4244:  'argument': conversion from 'T' to 'int', possible loss of data
C:\Users\owner\Documents\BombsAway\BombsAway\BombsAway\src\Player.cpp(38,86): warning C4244:         with
C:\Users\owner\Documents\BombsAway\BombsAway\BombsAway\src\Player.cpp(38,86): warning C4244:         [
C:\Users\owner\Documents\BombsAway\BombsAway\BombsAway\src\Player.cpp(38,86): warning C4244:             T=float
C:\Users\owner\Documents\BombsAway\BombsAway\BombsAway\src\Player.cpp(38,86): warning C4244:         ]
C:\Users\owner\Documents\BombsAway\BombsAway\BombsAway\src\Player.cpp(38,69): warning C4244:  'argument': conversion from 'T' to 'int', possible loss of data
C:\Users\owner\Documents\BombsAway\BombsAway\BombsAway\src\Player.cpp(38,69): warning C4244:         with
C:\Users\owner\Documents\BombsAway\BombsAway\BombsAway\src\Player.cpp(38,69): warning C4244:         [
C:\Users\owner\Documents\BombsAway\BombsAway\BombsAway\src\Player.cpp(38,69): warning C4244:             T=float
C:\Users\owner\Documents\BombsAway\BombsAway\BombsAway\src\Player.cpp(38,69): warning C4244:         ]
C:\Users\owner\Documents\BombsAway\BombsAway\BombsAway\src\Player.cpp(41,86): warning C4244:  'argument': conversion from 'T' to 'int', possible loss of data
C:\Users\owner\Documents\BombsAway\BombsAway\BombsAway\src\Player.cpp(41,86): warning C4244:         with
C:\Users\owner\Documents\BombsAway\BombsAway\BombsAway\src\Player.cpp(41,86): warning C4244:         [
C:\Users\owner\Documents\BombsAway\BombsAway\BombsAway\src\Player.cpp(41,86): warning C4244:             T=float
C:\Users\owner\Documents\BombsAway\BombsAway\BombsAway\src\Player.cpp(41,86): warning C4244:         ]
C:\Users\owner\Documents\BombsAway\BombsAway\BombsAway\src\Player.cpp(41,69): warning C4244:  'argument': conversion from 'T' to 'int', possible loss of data
C:\Users\owner\Documents\BombsAway\BombsAway\BombsAway\src\Player.cpp(41,69): warning C4244:         with
C:\Users\owner\Documents\BombsAway\BombsAway\BombsAway\src\Player.cpp(41,69): warning C4244:         [
C:\Users\owner\Documents\BombsAway\BombsAway\BombsAway\src\Player.cpp(41,69): warning C4244:             T=float
C:\Users\owner\Documents\BombsAway\BombsAway\BombsAway\src\Player.cpp(41,69): warning C4244:         ]
C:\Users\owner\Documents\BombsAway\BombsAway\BombsAway\src\Player.cpp(44,86): warning C4244:  'argument': conversion from 'T' to 'int', possible loss of data
C:\Users\owner\Documents\BombsAway\BombsAway\BombsAway\src\Player.cpp(44,86): warning C4244:         with
C:\Users\owner\Documents\BombsAway\BombsAway\BombsAway\src\Player.cpp(44,86): warning C4244:         [
C:\Users\owner\Documents\BombsAway\BombsAway\BombsAway\src\Player.cpp(44,86): warning C4244:             T=float
C:\Users\owner\Documents\BombsAway\BombsAway\BombsAway\src\Player.cpp(44,86): warning C4244:         ]
C:\Users\owner\Documents\BombsAway\BombsAway\BombsAway\src\Player.cpp(44,69): warning C4244:  'argument': conversion from 'T' to 'int', possible loss of data
C:\Users\owner\Documents\BombsAway\BombsAway\BombsAway\src\Player.cpp(44,69): warning C4244:         with
C:\Users\owner\Documents\BombsAway\BombsAway\BombsAway\src\Player.cpp(44,69): warning C4244:         [
C:\Users\owner\Documents\BombsAway\BombsAway\BombsAway\src\Player.cpp(44,69): warning C4244:             T=float
C:\Users\owner\Documents\BombsAway\BombsAway\BombsAway\src\Player.cpp(44,69): warning C4244:         ]
C:\Users\owner\Documents\BombsAway\BombsAway\BombsAway\src\Player.cpp(47,86): warning C4244:  'argument': conversion from 'T' to 'int', possible loss of data
C:\Users\owner\Documents\BombsAway\BombsAway\BombsAway\src\Player.cpp(47,86): warning C4244:         with
C:\Users\owner\Documents\BombsAway\BombsAway\BombsAway\src\Player.cpp(47,86): warning C4244:         [
C:\Users\owner\Documents\BombsAway\BombsAway\BombsAway\src\Player.cpp(47,86): warning C4244:             T=float
C:\Users\owner\Documents\BombsAway\BombsAway\BombsAway\src\Player.cpp(47,86): warning C4244:         ]
C:\Users\owner\Documents\BombsAway\BombsAway\BombsAway\src\Player.cpp(47,69): warning C4244:  'argument': conversion from 'T' to 'int', possible loss of data
C:\Users\owner\Documents\BombsAway\BombsAway\BombsAway\src\Player.cpp(47,69): warning C4244:         with
C:\Users\owner\Documents\BombsAway\BombsAway\BombsAway\src\Player.cpp(47,69): warning C4244:         [
C:\Users\owner\Documents\BombsAway\BombsAway\BombsAway\src\Player.cpp(47,69): warning C4244:             T=float
C:\Users\owner\Documents\BombsAway\BombsAway\BombsAway\src\Player.cpp(47,69): warning C4244:         ]
C:\Users\owner\Documents\BombsAway\BombsAway\BombsAway\src\Player.cpp(50,86): warning C4244:  'argument': conversion from 'T' to 'int', possible loss of data
C:\Users\owner\Documents\BombsAway\BombsAway\BombsAway\src\Player.cpp(50,86): warning C4244:         with
C:\Users\owner\Documents\BombsAway\BombsAway\BombsAway\src\Player.cpp(50,86): warning C4244:         [
C:\Users\owner\Documents\BombsAway\BombsAway\BombsAway\src\Player.cpp(50,86): warning C4244:             T=float
C:\Users\owner\Documents\BombsAway\BombsAway\BombsAway\src\Player.cpp(50,86): warning C4244:         ]
C:\Users\owner\Documents\BombsAway\BombsAway\BombsAway\src\Player.cpp(50,69): warning C4244:  'argument': conversion from 'T' to 'int', possible loss of data
C:\Users\owner\Documents\BombsAway\BombsAway\BombsAway\src\Player.cpp(50,69): warning C4244:         with
C:\Users\owner\Documents\BombsAway\BombsAway\BombsAway\src\Player.cpp(50,69): warning C4244:         [
C:\Users\owner\Documents\BombsAway\BombsAway\BombsAway\src\Player.cpp(50,69): warning C4244:             T=float
C:\Users\owner\Documents\BombsAway\BombsAway\BombsAway\src\Player.cpp(50,69): warning C4244:         ]
C:\Users\owner\Documents\BombsAway\BombsAway\BombsAway\src\Player.cpp(70,87): warning C4244:  'argument': conversion from 'T' to 'int', possible loss of data
C:\Users\owner\Documents\BombsAway\BombsAway\BombsAway\src\Player.cpp(70,87): warning C4244:         with
C:\Users\owner\Documents\BombsAway\BombsAway\BombsAway\src\Player.cpp(70,87): warning C4244:         [
C:\Users\owner\Documents\BombsAway\BombsAway\BombsAway\src\Player.cpp(70,87): warning C4244:             T=float
C:\Users\owner\Documents\BombsAway\BombsAway\BombsAway\src\Player.cpp(70,87): warning C4244:         ]
C:\Users\owner\Documents\BombsAway\BombsAway\BombsAway\src\Player.cpp(70,70): warning C4244:  'argument': conversion from 'T' to 'int', possible loss of data
C:\Users\owner\Documents\BombsAway\BombsAway\BombsAway\src\Player.cpp(70,70): warning C4244:         with
C:\Users\owner\Documents\BombsAway\BombsAway\BombsAway\src\Player.cpp(70,70): warning C4244:         [
C:\Users\owner\Documents\BombsAway\BombsAway\BombsAway\src\Player.cpp(70,70): warning C4244:             T=float
C:\Users\owner\Documents\BombsAway\BombsAway\BombsAway\src\Player.cpp(70,70): warning C4244:         ]
C:\Users\owner\Documents\BombsAway\BombsAway\BombsAway\src\Player.cpp(73,87): warning C4244:  'argument': conversion from 'T' to 'int', possible loss of data
C:\Users\owner\Documents\BombsAway\BombsAway\BombsAway\src\Player.cpp(73,87): warning C4244:         with
C:\Users\owner\Documents\BombsAway\BombsAway\BombsAway\src\Player.cpp(73,87): warning C4244:         [
C:\Users\owner\Documents\BombsAway\BombsAway\BombsAway\src\Player.cpp(73,87): warning C4244:             T=float
C:\Users\owner\Documents\BombsAway\BombsAway\BombsAway\src\Player.cpp(73,87): warning C4244:         ]
C:\Users\owner\Documents\BombsAway\BombsAway\BombsAway\src\Player.cpp(73,70): warning C4244:  'argument': conversion from 'T' to 'int', possible loss of data
C:\Users\owner\Documents\BombsAway\BombsAway\BombsAway\src\Player.cpp(73,70): warning C4244:         with
C:\Users\owner\Documents\BombsAway\BombsAway\BombsAway\src\Player.cpp(73,70): warning C4244:         [
C:\Users\owner\Documents\BombsAway\BombsAway\BombsAway\src\Player.cpp(73,70): warning C4244:             T=float
C:\Users\owner\Documents\BombsAway\BombsAway\BombsAway\src\Player.cpp(73,70): warning C4244:         ]
C:\Users\owner\Documents\BombsAway\BombsAway\BombsAway\src\Player.cpp(76,87): warning C4244:  'argument': conversion from 'T' to 'int', possible loss of data
C:\Users\owner\Documents\BombsAway\BombsAway\BombsAway\src\Player.cpp(76,87): warning C4244:         with
C:\Users\owner\Documents\BombsAway\BombsAway\BombsAway\src\Player.cpp(76,87): warning C4244:         [
C:\Users\owner\Documents\BombsAway\BombsAway\BombsAway\src\Player.cpp(76,87): warning C4244:             T=float
C:\Users\owner\Documents\BombsAway\BombsAway\BombsAway\src\Player.cpp(76,87): warning C4244:         ]
C:\Users\owner\Documents\BombsAway\BombsAway\BombsAway\src\Player.cpp(76,70): warning C4244:  'argument': conversion from 'T' to 'int', possible loss of data
C:\Users\owner\Documents\BombsAway\BombsAway\BombsAway\src\Player.cpp(76,70): warning C4244:         with
C:\Users\owner\Documents\BombsAway\BombsAway\BombsAway\src\Player.cpp(76,70): warning C4244:         [
C:\Users\owner\Documents\BombsAway\BombsAway\BombsAway\src\Player.cpp(76,70): warning C4244:             T=float
C:\Users\owner\Documents\BombsAway\BombsAway\BombsAway\src\Player.cpp(76,70): warning C4244:         ]
C:\Users\owner\Documents\BombsAway\BombsAway\BombsAway\src\Player.cpp(79,87): warning C4244:  'argument': conversion from 'T' to 'int', possible loss of data
C:\Users\owner\Documents\BombsAway\BombsAway\BombsAway\src\Player.cpp(79,87): warning C4244:         with
C:\Users\owner\Documents\BombsAway\BombsAway\BombsAway\src\Player.cpp(79,87): warning C4244:         [
C:\Users\owner\Documents\BombsAway\BombsAway\BombsAway\src\Player.cpp(79,87): warning C4244:             T=float
C:\Users\owner\Documents\BombsAway\BombsAway\BombsAway\src\Player.cpp(79,87): warning C4244:         ]
C:\Users\owner\Documents\BombsAway\BombsAway\BombsAway\src\Player.cpp(79,70): warning C4244:  'argument': conversion from 'T' to 'int', possible loss of data
C:\Users\owner\Documents\BombsAway\BombsAway\BombsAway\src\Player.cpp(79,70): warning C4244:         with
C:\Users\owner\Documents\BombsAway\BombsAway\BombsAway\src\Player.cpp(79,70): warning C4244:         [
C:\Users\owner\Documents\BombsAway\BombsAway\BombsAway\src\Player.cpp(79,70): warning C4244:             T=float
C:\Users\owner\Documents\BombsAway\BombsAway\BombsAway\src\Player.cpp(79,70): warning C4244:         ]
C:\Users\owner\Documents\BombsAway\BombsAway\BombsAway\src\Player.cpp(82,87): warning C4244:  'argument': conversion from 'T' to 'int', possible loss of data
C:\Users\owner\Documents\BombsAway\BombsAway\BombsAway\src\Player.cpp(82,87): warning C4244:         with
C:\Users\owner\Documents\BombsAway\BombsAway\BombsAway\src\Player.cpp(82,87): warning C4244:         [
C:\Users\owner\Documents\BombsAway\BombsAway\BombsAway\src\Player.cpp(82,87): warning C4244:             T=float
C:\Users\owner\Documents\BombsAway\BombsAway\BombsAway\src\Player.cpp(82,87): warning C4244:         ]
  Map.cpp
C:\Users\owner\Documents\BombsAway\BombsAway\BombsAway\src\Player.cpp(82,70): warning C4244:  'argument': conversion from 'T' to 'int', possible loss of data
C:\Users\owner\Documents\BombsAway\BombsAway\BombsAway\src\Player.cpp(82,70): warning C4244:         with
C:\Users\owner\Documents\BombsAway\BombsAway\BombsAway\src\Player.cpp(82,70): warning C4244:         [
C:\Users\owner\Documents\BombsAway\BombsAway\BombsAway\src\Player.cpp(82,70): warning C4244:             T=float
C:\Users\owner\Documents\BombsAway\BombsAway\BombsAway\src\Player.cpp(82,70): warning C4244:         ]
  Powerup.cpp
C:\Users\owner\Documents\BombsAway\BombsAway\BombsAway\src\Game.h(36,32): warning C4244:  'initializing': conversion from 'float' to 'int', possible loss of data
C:\Users\owner\Documents\BombsAway\BombsAway\BombsAway\src\Game.h(36,32): warning C4244:  'initializing': conversion from 'float' to 'int', possible loss of data
C:\Users\owner\Documents\BombsAway\BombsAway\BombsAway\src\Powerup.cpp(11,15): warning C4244:  'argument': conversion from 'T' to 'int', possible loss of data
C:\Users\owner\Documents\BombsAway\BombsAway\BombsAway\src\Powerup.cpp(11,15): warning C4244:         with
C:\Users\owner\Documents\BombsAway\BombsAway\BombsAway\src\Powerup.cpp(11,15): warning C4244:         [
C:\Users\owner\Documents\BombsAway\BombsAway\BombsAway\src\Powerup.cpp(11,15): warning C4244:             T=float
C:\Users\owner\Documents\BombsAway\BombsAway\BombsAway\src\Powerup.cpp(11,15): warning C4244:         ]
C:\Users\owner\Documents\BombsAway\BombsAway\BombsAway\src\Powerup.cpp(12,16): warning C4244:  'argument': conversion from 'T' to 'int', possible loss of data
C:\Users\owner\Documents\BombsAway\BombsAway\BombsAway\src\Powerup.cpp(12,16): warning C4244:         with
C:\Users\owner\Documents\BombsAway\BombsAway\BombsAway\src\Powerup.cpp(12,16): warning C4244:         [
C:\Users\owner\Documents\BombsAway\BombsAway\BombsAway\src\Powerup.cpp(12,16): warning C4244:             T=float
C:\Users\owner\Documents\BombsAway\BombsAway\BombsAway\src\Powerup.cpp(12,16): warning C4244:         ]
C:\Users\owner\Documents\BombsAway\BombsAway\BombsAway\src\Powerup.cpp(27,84): warning C4244:  'argument': conversion from 'T' to 'int', possible loss of data
C:\Users\owner\Documents\BombsAway\BombsAway\BombsAway\src\Powerup.cpp(27,84): warning C4244:         with
C:\Users\owner\Documents\BombsAway\BombsAway\BombsAway\src\Powerup.cpp(27,84): warning C4244:         [
C:\Users\owner\Documents\BombsAway\BombsAway\BombsAway\src\Powerup.cpp(27,84): warning C4244:             T=float
C:\Users\owner\Documents\BombsAway\BombsAway\BombsAway\src\Powerup.cpp(27,84): warning C4244:         ]
C:\Users\owner\Documents\BombsAway\BombsAway\BombsAway\src\Powerup.cpp(27,67): warning C4244:  'argument': conversion from 'T' to 'int', possible loss of data
C:\Users\owner\Documents\BombsAway\BombsAway\BombsAway\src\Powerup.cpp(27,67): warning C4244:         with
C:\Users\owner\Documents\BombsAway\BombsAway\BombsAway\src\Powerup.cpp(27,67): warning C4244:         [
C:\Users\owner\Documents\BombsAway\BombsAway\BombsAway\src\Powerup.cpp(27,67): warning C4244:             T=float
C:\Users\owner\Documents\BombsAway\BombsAway\BombsAway\src\Powerup.cpp(27,67): warning C4244:         ]
C:\Users\owner\Documents\BombsAway\BombsAway\BombsAway\src\Powerup.cpp(31,84): warning C4244:  'argument': conversion from 'T' to 'int', possible loss of data
C:\Users\owner\Documents\BombsAway\BombsAway\BombsAway\src\Powerup.cpp(31,84): warning C4244:         with
C:\Users\owner\Documents\BombsAway\BombsAway\BombsAway\src\Powerup.cpp(31,84): warning C4244:         [
C:\Users\owner\Documents\BombsAway\BombsAway\BombsAway\src\Powerup.cpp(31,84): warning C4244:             T=float
C:\Users\owner\Documents\BombsAway\BombsAway\BombsAway\src\Powerup.cpp(31,84): warning C4244:         ]
  SoundManager.cpp
  TextureManager.cpp
C:\Users\owner\Documents\BombsAway\BombsAway\BombsAway\src\Powerup.cpp(31,67): warning C4244:  'argument': conversion from 'T' to 'int', possible loss of data
C:\Users\owner\Documents\BombsAway\BombsAway\BombsAway\src\Powerup.cpp(31,67): warning C4244:         with
C:\Users\owner\Documents\BombsAway\BombsAway\BombsAway\src\Powerup.cpp(31,67): warning C4244:         [
C:\Users\owner\Documents\BombsAway\BombsAway\BombsAway\src\Powerup.cpp(31,67): warning C4244:             T=float
C:\Users\owner\Documents\BombsAway\BombsAway\BombsAway\src\Powerup.cpp(31,67): warning C4244:         ]
C:\Users\owner\Documents\BombsAway\BombsAway\BombsAway\src\TextureManager.cpp(71,15): warning C4244:  'initializing': conversion from 'double' to 'int', possible loss of data
C:\Users\owner\Documents\BombsAway\BombsAway\BombsAway\src\TextureManager.cpp(72,15): warning C4244:  'initializing': conversion from 'double' to 'int', possible loss of data
C:\Users\owner\Documents\BombsAway\BombsAway\BombsAway\src\TextureManager.cpp(113,15): warning C4244:  'initializing': conversion from 'double' to 'int', possible loss of data
C:\Users\owner\Documents\BombsAway\BombsAway\BombsAway\src\TextureManager.cpp(114,15): warning C4244:  'initializing': conversion from 'double' to 'int', possible loss of data
C:\Users\owner\Documents\BombsAway\BombsAway\BombsAway\src\TextureManager.cpp(132,11): warning C4244:  '=': conversion from 'int' to 'T', possible loss of data
C:\Users\owner\Documents\BombsAway\BombsAway\BombsAway\src\TextureManager.cpp(132,11): warning C4244:         with
C:\Users\owner\Documents\BombsAway\BombsAway\BombsAway\src\TextureManager.cpp(132,11): warning C4244:         [
C:\Users\owner\Documents\BombsAway\BombsAway\BombsAway\src\TextureManager.cpp(132,11): warning C4244:             T=float
C:\Users\owner\Documents\BombsAway\BombsAway\BombsAway\src\TextureManager.cpp(132,11): warning C4244:         ]
  UIManager.cpp
C:\Users\owner\Documents\BombsAway\BombsAway\BombsAway\src\TextureManager.cpp(133,11): warning C4244:  '=': conversion from 'int' to 'T', possible loss of data
C:\Users\owner\Documents\BombsAway\BombsAway\BombsAway\src\TextureManager.cpp(133,11): warning C4244:         with
C:\Users\owner\Documents\BombsAway\BombsAway\BombsAway\src\TextureManager.cpp(133,11): warning C4244:         [
C:\Users\owner\Documents\BombsAway\BombsAway\BombsAway\src\TextureManager.cpp(133,11): warning C4244:             T=float
C:\Users\owner\Documents\BombsAway\BombsAway\BombsAway\src\TextureManager.cpp(133,11): warning C4244:         ]
  Wall.cpp
C:\Users\owner\Documents\BombsAway\BombsAway\BombsAway\src\Game.h(36,32): warning C4244:  'initializing': conversion from 'float' to 'int', possible loss of data
C:\Users\owner\Documents\BombsAway\BombsAway\BombsAway\src\Game.h(36,32): warning C4244:  'initializing': conversion from 'float' to 'int', possible loss of data
C:\Users\owner\Documents\BombsAway\BombsAway\BombsAway\src\Wall.cpp(9,18): warning C4244:  'argument': conversion from 'T' to 'int', possible loss of data
C:\Users\owner\Documents\BombsAway\BombsAway\BombsAway\src\Wall.cpp(9,18): warning C4244:         with
C:\Users\owner\Documents\BombsAway\BombsAway\BombsAway\src\Wall.cpp(9,18): warning C4244:         [
C:\Users\owner\Documents\BombsAway\BombsAway\BombsAway\src\Wall.cpp(9,18): warning C4244:             T=float
C:\Users\owner\Documents\BombsAway\BombsAway\BombsAway\src\Wall.cpp(9,18): warning C4244:         ]
C:\Users\owner\Documents\BombsAway\BombsAway\BombsAway\src\Wall.cpp(10,19): warning C4244:  'argument': conversion from 'T' to 'int', possible loss of data
C:\Users\owner\Documents\BombsAway\BombsAway\BombsAway\src\Wall.cpp(10,19): warning C4244:         with
C:\Users\owner\Documents\BombsAway\BombsAway\BombsAway\src\Wall.cpp(10,19): warning C4244:         [
C:\Users\owner\Documents\BombsAway\BombsAway\BombsAway\src\Wall.cpp(10,19): warning C4244:             T=float
C:\Users\owner\Documents\BombsAway\BombsAway\BombsAway\src\Wall.cpp(10,19): warning C4244:         ]
C:\Users\owner\Documents\BombsAway\BombsAway\BombsAway\src\Wall.cpp(25,15): warning C4244:  'argument': conversion from 'T' to 'int', possible loss of data
C:\Users\owner\Documents\BombsAway\BombsAway\BombsAway\src\Wall.cpp(25,15): warning C4244:         with
C:\Users\owner\Documents\BombsAway\BombsAway\BombsAway\src\Wall.cpp(25,15): warning C4244:         [
C:\Users\owner\Documents\BombsAway\BombsAway\BombsAway\src\Wall.cpp(25,15): warning C4244:             T=float
C:\Users\owner\Documents\BombsAway\BombsAway\BombsAway\src\Wall.cpp(25,15): warning C4244:         ]
C:\Users\owner\Documents\BombsAway\BombsAway\BombsAway\src\Wall.cpp(26,16): warning C4244:  'argument': conversion from 'T' to 'int', possible loss of data
C:\Users\owner\Documents\BombsAway\BombsAway\BombsAway\src\Wall.cpp(26,16): warning C4244:         with
C:\Users\owner\Documents\BombsAway\BombsAway\BombsAway\src\Wall.cpp(26,16): warning C4244:         [
C:\Users\owner\Documents\BombsAway\BombsAway\BombsAway\src\Wall.cpp(26,16): warning C4244:             T=float
C:\Users\owner\Documents\BombsAway\BombsAway\BombsAway\src\Wall.cpp(26,16): warning C4244:         ]
C:\Users\owner\Documents\BombsAway\BombsAway\BombsAway\src\Wall.cpp(39,90): warning C4244:  'argument': conversion from 'T' to 'int', possible loss of data
C:\Users\owner\Documents\BombsAway\BombsAway\BombsAway\src\Wall.cpp(39,90): warning C4244:         with
C:\Users\owner\Documents\BombsAway\BombsAway\BombsAway\src\Wall.cpp(39,90): warning C4244:         [
C:\Users\owner\Documents\BombsAway\BombsAway\BombsAway\src\Wall.cpp(39,90): warning C4244:             T=float
C:\Users\owner\Documents\BombsAway\BombsAway\BombsAway\src\Wall.cpp(39,90): warning C4244:         ]
  Generating Code...
C:\Users\owner\Documents\BombsAway\BombsAway\BombsAway\src\Wall.cpp(39,73): warning C4244:  'argument': conversion from 'T' to 'int', possible loss of data
C:\Users\owner\Documents\BombsAway\BombsAway\BombsAway\src\Wall.cpp(39,73): warning C4244:         with
C:\Users\owner\Documents\BombsAway\BombsAway\BombsAway\src\Wall.cpp(39,73): warning C4244:         [
C:\Users\owner\Documents\BombsAway\BombsAway\BombsAway\src\Wall.cpp(39,73): warning C4244:             T=float
C:\Users\owner\Documents\BombsAway\BombsAway\BombsAway\src\Wall.cpp(39,73): warning C4244:         ]
  LINK : C:\Users\owner\Documents\BombsAway\BombsAway\BombsAway\bin\Debug\Template.exe not found or not built by the last incremental link; performing full link
  Template.vcxproj -> C:\Users\owner\Documents\BombsAway\BombsAway\BombsAway\bin\Debug\Template.exe
