c:\users\danie\desktop\bombs-away-shane_beta_workings\bombsaway\bombsaway\template\intermediate\debug\vc142.pdb
c:\users\danie\desktop\bombs-away-shane_beta_workings\bombsaway\bombsaway\template\intermediate\debug\vc142.idb
c:\users\danie\desktop\bombs-away-shane_beta_workings\bombsaway\bombsaway\template\intermediate\debug\wall.obj
c:\users\danie\desktop\bombs-away-shane_beta_workings\bombsaway\bombsaway\template\intermediate\debug\uimanager.obj
c:\users\danie\desktop\bombs-away-shane_beta_workings\bombsaway\bombsaway\template\intermediate\debug\texturemanager.obj
c:\users\danie\desktop\bombs-away-shane_beta_workings\bombsaway\bombsaway\template\intermediate\debug\soundmanager.obj
c:\users\danie\desktop\bombs-away-shane_beta_workings\bombsaway\bombsaway\template\intermediate\debug\powerup.obj
c:\users\danie\desktop\bombs-away-shane_beta_workings\bombsaway\bombsaway\template\intermediate\debug\map.obj
c:\users\danie\desktop\bombs-away-shane_beta_workings\bombsaway\bombsaway\template\intermediate\debug\player.obj
c:\users\danie\desktop\bombs-away-shane_beta_workings\bombsaway\bombsaway\template\intermediate\debug\main.obj
c:\users\danie\desktop\bombs-away-shane_beta_workings\bombsaway\bombsaway\template\intermediate\debug\hole.obj
c:\users\danie\desktop\bombs-away-shane_beta_workings\bombsaway\bombsaway\template\intermediate\debug\gameobject.obj
c:\users\danie\desktop\bombs-away-shane_beta_workings\bombsaway\bombsaway\template\intermediate\debug\game.obj
c:\users\danie\desktop\bombs-away-shane_beta_workings\bombsaway\bombsaway\template\intermediate\debug\fsm.obj
c:\users\danie\desktop\bombs-away-shane_beta_workings\bombsaway\bombsaway\template\intermediate\debug\explosion.obj
c:\users\danie\desktop\bombs-away-shane_beta_workings\bombsaway\bombsaway\template\intermediate\debug\enemy.obj
c:\users\danie\desktop\bombs-away-shane_beta_workings\bombsaway\bombsaway\template\intermediate\debug\collisionmanager.obj
c:\users\danie\desktop\bombs-away-shane_beta_workings\bombsaway\bombsaway\template\intermediate\debug\bomb.obj
c:\users\danie\desktop\bombs-away-shane_beta_workings\bombsaway\bombsaway\template\intermediate\debug\door.obj
c:\users\danie\desktop\git bombsaway\bombsaway\bombsaway\template\intermediate\debug\vc142.pdb
c:\users\danie\desktop\git bombsaway\bombsaway\bombsaway\template\intermediate\debug\vc142.idb
c:\users\danie\desktop\git bombsaway\bombsaway\bombsaway\template\intermediate\debug\wall.obj
c:\users\danie\desktop\git bombsaway\bombsaway\bombsaway\template\intermediate\debug\uimanager.obj
c:\users\danie\desktop\git bombsaway\bombsaway\bombsaway\template\intermediate\debug\texturemanager.obj
c:\users\danie\desktop\git bombsaway\bombsaway\bombsaway\template\intermediate\debug\soundmanager.obj
c:\users\danie\desktop\git bombsaway\bombsaway\bombsaway\template\intermediate\debug\powerup.obj
c:\users\danie\desktop\git bombsaway\bombsaway\bombsaway\template\intermediate\debug\map.obj
c:\users\danie\desktop\git bombsaway\bombsaway\bombsaway\template\intermediate\debug\player.obj
c:\users\danie\desktop\git bombsaway\bombsaway\bombsaway\template\intermediate\debug\main.obj
c:\users\danie\desktop\git bombsaway\bombsaway\bombsaway\template\intermediate\debug\hole.obj
c:\users\danie\desktop\git bombsaway\bombsaway\bombsaway\template\intermediate\debug\gameobject.obj
c:\users\danie\desktop\git bombsaway\bombsaway\bombsaway\template\intermediate\debug\game.obj
c:\users\danie\desktop\git bombsaway\bombsaway\bombsaway\template\intermediate\debug\fsm.obj
c:\users\danie\desktop\git bombsaway\bombsaway\bombsaway\template\intermediate\debug\explosion.obj
c:\users\danie\desktop\git bombsaway\bombsaway\bombsaway\template\intermediate\debug\enemy.obj
c:\users\danie\desktop\git bombsaway\bombsaway\bombsaway\template\intermediate\debug\collisionmanager.obj
c:\users\danie\desktop\git bombsaway\bombsaway\bombsaway\template\intermediate\debug\bomb.obj
c:\users\danie\desktop\git bombsaway\bombsaway\bombsaway\template\intermediate\debug\door.obj
c:\users\danie\desktop\git bombsaway\bombsaway\bombsaway\template\intermediate\debug\floor.obj
c:\users\danie\desktop\git bombsaway\bombsaway\bombsaway\bin\debug\template.exe
c:\users\danie\desktop\git bombsaway\bombsaway\bombsaway\bin\debug\template.ilk
c:\users\danie\desktop\git bombsaway\bombsaway\bombsaway\bin\debug\template.pdb
c:\users\danie\desktop\git bombsaway\bombsaway\bombsaway\template\intermediate\debug\template.tlog\cl.command.1.tlog
c:\users\danie\desktop\git bombsaway\bombsaway\bombsaway\template\intermediate\debug\template.tlog\cl.read.1.tlog
c:\users\danie\desktop\git bombsaway\bombsaway\bombsaway\template\intermediate\debug\template.tlog\cl.write.1.tlog
c:\users\danie\desktop\git bombsaway\bombsaway\bombsaway\template\intermediate\debug\template.tlog\link.command.1.tlog
c:\users\danie\desktop\git bombsaway\bombsaway\bombsaway\template\intermediate\debug\template.tlog\link.read.1.tlog
c:\users\danie\desktop\git bombsaway\bombsaway\bombsaway\template\intermediate\debug\template.tlog\link.write.1.tlog
